-------------------------------------------------------------------------------
Test set: sfgpetclinic.PetClinicApplicationTests
-------------------------------------------------------------------------------
Tests run: 1, Failures: 0, Errors: 1, Skipped: 0, Time elapsed: 1.426 s <<< FAILURE! - in sfgpetclinic.PetClinicApplicationTests
sfgpetclinic.PetClinicApplicationTests  Time elapsed: 1.424 s  <<< ERROR!
java.lang.IllegalStateException: Unable to find a @SpringBootConfiguration, you need to use @ContextConfiguration or @SpringBootTest(classes=...) with your test

